<?xml version="1.0" encoding="UTF-8" ?>
<testsuite errors="2" failures="1" hostname="MonoPc" name="org.pl.eshop.dto.CategoriaTest" skipped="0" tests="6" time="0.063" timestamp="2019-04-27T02:36:52">
  <properties>
[...]
</properties>
  <testcase classname="org.pl.eshop.dto.CategoriaTest" name="testNombreCategoriaNueva" time="0.009">
    <failure message="Validar Categoria sin parametros" type="junit.framework.AssertionFailedError">junit.framework.AssertionFailedError: Validar Categoria sin parametros
	at org.pl.eshop.dto.CategoriaTest.testNombreCategoriaNueva(CategoriaTest.java:114)
</failure>
  </testcase>
  <testcase classname="org.pl.eshop.dto.CategoriaTest" name="testIdMenorOCero" time="0.0" />
  <testcase classname="org.pl.eshop.dto.CategoriaTest" name="testNombreCorto" time="0.001" />
  <testcase classname="org.pl.eshop.dto.CategoriaTest" name="testNombreVacio" time="0.0" />
  <testcase classname="org.pl.eshop.dto.CategoriaTest" name="testIdNulo" time="0.001">
    <error message="Unexpected exception, expected&lt;java.lang.IllegalArgumentException&gt; but was&lt;java.lang.NullPointerException&gt;" type="java.lang.Exception">java.lang.Exception: Unexpected exception, expected&lt;java.lang.IllegalArgumentException&gt; but was&lt;java.lang.NullPointerException&gt;
Caused by: java.lang.NullPointerException
	at org.pl.eshop.dto.Categoria.setId(Categoria.java:33)
	at org.pl.eshop.dto.CategoriaTest.testIdNulo(CategoriaTest.java:66)
</error>
  </testcase>
  <testcase classname="org.pl.eshop.dto.CategoriaTest" name="testNombreNulo" time="0.0">
    <error message="Unexpected exception, expected&lt;java.lang.IllegalArgumentException&gt; but was&lt;java.lang.NullPointerException&gt;" type="java.lang.Exception">java.lang.Exception: Unexpected exception, expected&lt;java.lang.IllegalArgumentException&gt; but was&lt;java.lang.NullPointerException&gt;
Caused by: java.lang.NullPointerException
	at org.pl.eshop.dto.Categoria.setNombre(Categoria.java:45)
	at org.pl.eshop.dto.CategoriaTest.testNombreNulo(CategoriaTest.java:92)
</error>
  </testcase>
  <system-out><![CDATA[* Test Id Menor o Cero
]]></system-out>
  <system-err><![CDATA[]]></system-err>
</testsuite>
